This is pdfTeX, Version 3.141592653-2.6-1.40.24 (MiKTeX 22.3) (preloaded format=pdflatex 2022.3.17)  21 MAY 2022 00:48
entering extended mode
 restricted \write18 enabled.
 %&-line parsing enabled.
**M:/UPB_Files/An1_Sem2/Electrotehnica/Tema/Tema_ELTH_Negru_Mihai.tex
(M:/UPB_Files/An1_Sem2/Electrotehnica/Tema/Tema_ELTH_Negru_Mihai.tex
LaTeX2e <2021-11-15> patch level 1
L3 programming layer <2022-02-24>
(M:\.SetUps\.Miktex_SetUp\tex/latex/base\article.cls
Document Class: article 2021/10/04 v1.4n Standard LaTeX document class
(M:\.SetUps\.Miktex_SetUp\tex/latex/base\size12.clo
File: size12.clo 2021/10/04 v1.4n Standard LaTeX file (size option)
)
\c@part=\count185
\c@section=\count186
\c@subsection=\count187
\c@subsubsection=\count188
\c@paragraph=\count189
\c@subparagraph=\count190
\c@figure=\count191
\c@table=\count192
\abovecaptionskip=\skip47
\belowcaptionskip=\skip48
\bibindent=\dimen138
)
(M:\.SetUps\.Miktex_SetUp\tex/generic/babel\babel.sty
Package: babel 2022/02/26 3.73 The Babel package
\babel@savecnt=\count193
\U@D=\dimen139
\l@unhyphenated=\language79

(M:\.SetUps\.Miktex_SetUp\tex/generic/babel\txtbabel.def)
\bbl@readstream=\read2
\bbl@dirlevel=\count194

*************************************
* Local config file bblopts.cfg used
*
(M:\.SetUps\.Miktex_SetUp\tex/latex/arabi\bblopts.cfg
File: bblopts.cfg 2005/09/08 v0.1 add Arabic and Farsi to "declared" options of
 babel
)
(M:\.SetUps\.Miktex_SetUp\tex/latex/babel-romanian\romanian.ldf
Language: romanian 2021/04/04 v1.2m Romanian support from the babel system
))
(M:\.SetUps\.Miktex_SetUp\tex/latex/hyperref\hyperref.sty
Package: hyperref 2022-02-21 v7.00n Hypertext links for LaTeX

(M:\.SetUps\.Miktex_SetUp\tex/generic/ltxcmds\ltxcmds.sty
Package: ltxcmds 2020-05-10 v1.25 LaTeX kernel commands for general use (HO)
)
(M:\.SetUps\.Miktex_SetUp\tex/generic/iftex\iftex.sty
Package: iftex 2022/02/03 v1.0f TeX engine tests
)
(M:\.SetUps\.Miktex_SetUp\tex/generic/pdftexcmds\pdftexcmds.sty
Package: pdftexcmds 2020-06-27 v0.33 Utility functions of pdfTeX for LuaTeX (HO
)

(M:\.SetUps\.Miktex_SetUp\tex/generic/infwarerr\infwarerr.sty
Package: infwarerr 2019/12/03 v1.5 Providing info/warning/error messages (HO)
)
Package pdftexcmds Info: \pdf@primitive is available.
Package pdftexcmds Info: \pdf@ifprimitive is available.
Package pdftexcmds Info: \pdfdraftmode found.
)
(M:\.SetUps\.Miktex_SetUp\tex/latex/graphics\keyval.sty
Package: keyval 2014/10/28 v1.15 key=value parser (DPC)
\KV@toks@=\toks16
)
(M:\.SetUps\.Miktex_SetUp\tex/generic/kvsetkeys\kvsetkeys.sty
Package: kvsetkeys 2019/12/15 v1.18 Key value parser (HO)
)
(M:\.SetUps\.Miktex_SetUp\tex/generic/kvdefinekeys\kvdefinekeys.sty
Package: kvdefinekeys 2019-12-19 v1.6 Define keys (HO)
)
(M:\.SetUps\.Miktex_SetUp\tex/generic/pdfescape\pdfescape.sty
Package: pdfescape 2019/12/09 v1.15 Implements pdfTeX's escape features (HO)
)
(M:\.SetUps\.Miktex_SetUp\tex/latex/hycolor\hycolor.sty
Package: hycolor 2020-01-27 v1.10 Color options for hyperref/bookmark (HO)
)
(M:\.SetUps\.Miktex_SetUp\tex/latex/letltxmacro\letltxmacro.sty
Package: letltxmacro 2019/12/03 v1.6 Let assignment for LaTeX macros (HO)
)
(M:\.SetUps\.Miktex_SetUp\tex/latex/auxhook\auxhook.sty
Package: auxhook 2019-12-17 v1.6 Hooks for auxiliary files (HO)
)
(M:\.SetUps\.Miktex_SetUp\tex/latex/kvoptions\kvoptions.sty
Package: kvoptions 2020-10-07 v3.14 Key value format for package options (HO)
)
\@linkdim=\dimen140
\Hy@linkcounter=\count195
\Hy@pagecounter=\count196

(M:\.SetUps\.Miktex_SetUp\tex/latex/hyperref\pd1enc.def
File: pd1enc.def 2022-02-21 v7.00n Hyperref: PDFDocEncoding definition (HO)
Now handling font encoding PD1 ...
... no UTF-8 mapping file for font encoding PD1
)
(M:\.SetUps\.Miktex_SetUp\tex/generic/intcalc\intcalc.sty
Package: intcalc 2019/12/15 v1.3 Expandable calculations with integers (HO)
)
(M:\.SetUps\.Miktex_SetUp\tex/generic/etexcmds\etexcmds.sty
Package: etexcmds 2019/12/15 v1.7 Avoid name clashes with e-TeX commands (HO)
)
\Hy@SavedSpaceFactor=\count197

(M:\.SetUps\.Miktex_SetUp\tex/latex/hyperref\puenc.def
File: puenc.def 2022-02-21 v7.00n Hyperref: PDF Unicode definition (HO)
Now handling font encoding PU ...
... no UTF-8 mapping file for font encoding PU
)
Package hyperref Info: Hyper figures OFF on input line 4137.
Package hyperref Info: Link nesting OFF on input line 4142.
Package hyperref Info: Hyper index ON on input line 4145.
Package hyperref Info: Plain pages OFF on input line 4152.
Package hyperref Info: Backreferencing OFF on input line 4157.
Package hyperref Info: Implicit mode ON; LaTeX internals redefined.
Package hyperref Info: Bookmarks ON on input line 4390.
\c@Hy@tempcnt=\count198

(M:\.SetUps\.Miktex_SetUp\tex/latex/url\url.sty
\Urlmuskip=\muskip16
Package: url 2013/09/16  ver 3.4  Verb mode for urls, etc.
)
LaTeX Info: Redefining \url on input line 4749.
\XeTeXLinkMargin=\dimen141

(M:\.SetUps\.Miktex_SetUp\tex/generic/bitset\bitset.sty
Package: bitset 2019/12/09 v1.3 Handle bit-vector datatype (HO)

(M:\.SetUps\.Miktex_SetUp\tex/generic/bigintcalc\bigintcalc.sty
Package: bigintcalc 2019/12/15 v1.5 Expandable calculations on big integers (HO
)
))
\Fld@menulength=\count199
\Field@Width=\dimen142
\Fld@charsize=\dimen143
Package hyperref Info: Hyper figures OFF on input line 6027.
Package hyperref Info: Link nesting OFF on input line 6032.
Package hyperref Info: Hyper index ON on input line 6035.
Package hyperref Info: backreferencing OFF on input line 6042.
Package hyperref Info: Link coloring OFF on input line 6047.
Package hyperref Info: Link coloring with OCG OFF on input line 6052.
Package hyperref Info: PDF/A mode OFF on input line 6057.
LaTeX Info: Redefining \ref on input line 6097.
LaTeX Info: Redefining \pageref on input line 6101.

(M:\.SetUps\.Miktex_SetUp\tex/latex/base\atbegshi-ltx.sty
Package: atbegshi-ltx 2021/01/10 v1.0c Emulation of the original atbegshi
package with kernel methods
)
\Hy@abspage=\count266
\c@Item=\count267
\c@Hfootnote=\count268
)
Package hyperref Info: Driver (autodetected): hpdftex.

(M:\.SetUps\.Miktex_SetUp\tex/latex/hyperref\hpdftex.def
File: hpdftex.def 2022-02-21 v7.00n Hyperref driver for pdfTeX

(M:\.SetUps\.Miktex_SetUp\tex/latex/base\atveryend-ltx.sty
Package: atveryend-ltx 2020/08/19 v1.0a Emulation of the original atveryend pac
kage
with kernel methods
)
\Fld@listcount=\count269
\c@bookmark@seq@number=\count270

(M:\.SetUps\.Miktex_SetUp\tex/latex/rerunfilecheck\rerunfilecheck.sty
Package: rerunfilecheck 2019/12/05 v1.9 Rerun checks for auxiliary files (HO)

(M:\.SetUps\.Miktex_SetUp\tex/generic/uniquecounter\uniquecounter.sty
Package: uniquecounter 2019/12/15 v1.4 Provide unlimited unique counter (HO)
)
Package uniquecounter Info: New unique counter `rerunfilecheck' on input line 2
86.
)
\Hy@SectionHShift=\skip49
)
(M:\.SetUps\.Miktex_SetUp\tex/latex/physics\physics.sty
Package: physics 

(M:\.SetUps\.Miktex_SetUp\tex/latex/l3packages/xparse\xparse.sty
(M:\.SetUps\.Miktex_SetUp\tex/latex/l3kernel\expl3.sty
Package: expl3 2022-02-24 L3 programming layer (loader) 

(M:\.SetUps\.Miktex_SetUp\tex/latex/l3backend\l3backend-pdftex.def
File: l3backend-pdftex.def 2022-02-07 L3 backend support: PDF output (pdfTeX)
\l__color_backend_stack_int=\count271
\l__pdf_internal_box=\box50
))
Package: xparse 2022-01-12 L3 Experimental document command parser
)
(M:\.SetUps\.Miktex_SetUp\tex/latex/amsmath\amsmath.sty
Package: amsmath 2021/10/15 v2.17l AMS math features
\@mathmargin=\skip50

For additional information on amsmath, use the `?' option.
(M:\.SetUps\.Miktex_SetUp\tex/latex/amsmath\amstext.sty
Package: amstext 2021/08/26 v2.01 AMS text

(M:\.SetUps\.Miktex_SetUp\tex/latex/amsmath\amsgen.sty
File: amsgen.sty 1999/11/30 v2.0 generic functions
\@emptytoks=\toks17
\ex@=\dimen144
))
(M:\.SetUps\.Miktex_SetUp\tex/latex/amsmath\amsbsy.sty
Package: amsbsy 1999/11/29 v1.2d Bold Symbols
\pmbraise@=\dimen145
)
(M:\.SetUps\.Miktex_SetUp\tex/latex/amsmath\amsopn.sty
Package: amsopn 2021/08/26 v2.02 operator names
)
\inf@bad=\count272
LaTeX Info: Redefining \frac on input line 234.
\uproot@=\count273
\leftroot@=\count274
LaTeX Info: Redefining \overline on input line 399.
\classnum@=\count275
\DOTSCASE@=\count276
LaTeX Info: Redefining \ldots on input line 496.
LaTeX Info: Redefining \dots on input line 499.
LaTeX Info: Redefining \cdots on input line 620.
\Mathstrutbox@=\box51
\strutbox@=\box52
\big@size=\dimen146
LaTeX Font Info:    Redeclaring font encoding OML on input line 743.
LaTeX Font Info:    Redeclaring font encoding OMS on input line 744.
\macc@depth=\count277
\c@MaxMatrixCols=\count278
\dotsspace@=\muskip17
\c@parentequation=\count279
\dspbrk@lvl=\count280
\tag@help=\toks18
\row@=\count281
\column@=\count282
\maxfields@=\count283
\andhelp@=\toks19
\eqnshift@=\dimen147
\alignsep@=\dimen148
\tagshift@=\dimen149
\tagwidth@=\dimen150
\totwidth@=\dimen151
\lineht@=\dimen152
\@envbody=\toks20
\multlinegap=\skip51
\multlinetaggap=\skip52
\mathdisplay@stack=\toks21
LaTeX Info: Redefining \[ on input line 2938.
LaTeX Info: Redefining \] on input line 2939.
))
(M:\.SetUps\.Miktex_SetUp\tex/latex/pgf/frontendlayer\tikz.sty
(M:\.SetUps\.Miktex_SetUp\tex/latex/pgf/basiclayer\pgf.sty
(M:\.SetUps\.Miktex_SetUp\tex/latex/pgf/utilities\pgfrcs.sty
(M:\.SetUps\.Miktex_SetUp\tex/generic/pgf/utilities\pgfutil-common.tex
\pgfutil@everybye=\toks22
\pgfutil@tempdima=\dimen153
\pgfutil@tempdimb=\dimen154

(M:\.SetUps\.Miktex_SetUp\tex/generic/pgf/utilities\pgfutil-common-lists.tex))
(M:\.SetUps\.Miktex_SetUp\tex/generic/pgf/utilities\pgfutil-latex.def
\pgfutil@abb=\box53
)
(M:\.SetUps\.Miktex_SetUp\tex/generic/pgf/utilities\pgfrcs.code.tex
(M:\.SetUps\.Miktex_SetUp\tex/generic/pgf\pgf.revision.tex)
Package: pgfrcs 2021/05/15 v3.1.9a (3.1.9a)
))
Package: pgf 2021/05/15 v3.1.9a (3.1.9a)

(M:\.SetUps\.Miktex_SetUp\tex/latex/pgf/basiclayer\pgfcore.sty
(M:\.SetUps\.Miktex_SetUp\tex/latex/graphics\graphicx.sty
Package: graphicx 2021/09/16 v1.2d Enhanced LaTeX Graphics (DPC,SPQR)

(M:\.SetUps\.Miktex_SetUp\tex/latex/graphics\graphics.sty
Package: graphics 2021/03/04 v1.4d Standard LaTeX Graphics (DPC,SPQR)

(M:\.SetUps\.Miktex_SetUp\tex/latex/graphics\trig.sty
Package: trig 2021/08/11 v1.11 sin cos tan (DPC)
)
(M:\.SetUps\.Miktex_SetUp\tex/latex/graphics-cfg\graphics.cfg
File: graphics.cfg 2016/06/04 v1.11 sample graphics configuration
)
Package graphics Info: Driver file: pdftex.def on input line 107.

(M:\.SetUps\.Miktex_SetUp\tex/latex/graphics-def\pdftex.def
File: pdftex.def 2020/10/05 v1.2a Graphics/color driver for pdftex
))
\Gin@req@height=\dimen155
\Gin@req@width=\dimen156
)
(M:\.SetUps\.Miktex_SetUp\tex/latex/pgf/systemlayer\pgfsys.sty
(M:\.SetUps\.Miktex_SetUp\tex/generic/pgf/systemlayer\pgfsys.code.tex
Package: pgfsys 2021/05/15 v3.1.9a (3.1.9a)

(M:\.SetUps\.Miktex_SetUp\tex/generic/pgf/utilities\pgfkeys.code.tex
\pgfkeys@pathtoks=\toks23
\pgfkeys@temptoks=\toks24

(M:\.SetUps\.Miktex_SetUp\tex/generic/pgf/utilities\pgfkeysfiltered.code.tex
\pgfkeys@tmptoks=\toks25
))
\pgf@x=\dimen157
\pgf@y=\dimen158
\pgf@xa=\dimen159
\pgf@ya=\dimen160
\pgf@xb=\dimen161
\pgf@yb=\dimen162
\pgf@xc=\dimen163
\pgf@yc=\dimen164
\pgf@xd=\dimen165
\pgf@yd=\dimen166
\w@pgf@writea=\write3
\r@pgf@reada=\read3
\c@pgf@counta=\count284
\c@pgf@countb=\count285
\c@pgf@countc=\count286
\c@pgf@countd=\count287
\t@pgf@toka=\toks26
\t@pgf@tokb=\toks27
\t@pgf@tokc=\toks28
\pgf@sys@id@count=\count288

(M:\.SetUps\.Miktex_SetUp\tex/generic/pgf/systemlayer\pgf.cfg
File: pgf.cfg 2021/05/15 v3.1.9a (3.1.9a)
)
Driver file for pgf: pgfsys-pdftex.def

(M:\.SetUps\.Miktex_SetUp\tex/generic/pgf/systemlayer\pgfsys-pdftex.def
File: pgfsys-pdftex.def 2021/05/15 v3.1.9a (3.1.9a)

(M:\.SetUps\.Miktex_SetUp\tex/generic/pgf/systemlayer\pgfsys-common-pdf.def
File: pgfsys-common-pdf.def 2021/05/15 v3.1.9a (3.1.9a)
)))
(M:\.SetUps\.Miktex_SetUp\tex/generic/pgf/systemlayer\pgfsyssoftpath.code.tex
File: pgfsyssoftpath.code.tex 2021/05/15 v3.1.9a (3.1.9a)
\pgfsyssoftpath@smallbuffer@items=\count289
\pgfsyssoftpath@bigbuffer@items=\count290
)
(M:\.SetUps\.Miktex_SetUp\tex/generic/pgf/systemlayer\pgfsysprotocol.code.tex
File: pgfsysprotocol.code.tex 2021/05/15 v3.1.9a (3.1.9a)
)) (M:\.SetUps\.Miktex_SetUp\tex/latex/xcolor\xcolor.sty
Package: xcolor 2021/10/31 v2.13 LaTeX color extensions (UK)

(M:\.SetUps\.Miktex_SetUp\tex/latex/graphics-cfg\color.cfg
File: color.cfg 2016/01/02 v1.6 sample color configuration
)
Package xcolor Info: Driver file: pdftex.def on input line 227.
Package xcolor Info: Model `cmy' substituted by `cmy0' on input line 1352.
Package xcolor Info: Model `hsb' substituted by `rgb' on input line 1356.
Package xcolor Info: Model `RGB' extended on input line 1368.
Package xcolor Info: Model `HTML' substituted by `rgb' on input line 1370.
Package xcolor Info: Model `Hsb' substituted by `hsb' on input line 1371.
Package xcolor Info: Model `tHsb' substituted by `hsb' on input line 1372.
Package xcolor Info: Model `HSB' substituted by `hsb' on input line 1373.
Package xcolor Info: Model `Gray' substituted by `gray' on input line 1374.
Package xcolor Info: Model `wave' substituted by `hsb' on input line 1375.
)
(M:\.SetUps\.Miktex_SetUp\tex/generic/pgf/basiclayer\pgfcore.code.tex
Package: pgfcore 2021/05/15 v3.1.9a (3.1.9a)

(M:\.SetUps\.Miktex_SetUp\tex/generic/pgf/math\pgfmath.code.tex
(M:\.SetUps\.Miktex_SetUp\tex/generic/pgf/math\pgfmathcalc.code.tex
(M:\.SetUps\.Miktex_SetUp\tex/generic/pgf/math\pgfmathutil.code.tex)
(M:\.SetUps\.Miktex_SetUp\tex/generic/pgf/math\pgfmathparser.code.tex
\pgfmath@dimen=\dimen167
\pgfmath@count=\count291
\pgfmath@box=\box54
\pgfmath@toks=\toks29
\pgfmath@stack@operand=\toks30
\pgfmath@stack@operation=\toks31
)
(M:\.SetUps\.Miktex_SetUp\tex/generic/pgf/math\pgfmathfunctions.code.tex
(M:\.SetUps\.Miktex_SetUp\tex/generic/pgf/math\pgfmathfunctions.basic.code.tex)

(M:\.SetUps\.Miktex_SetUp\tex/generic/pgf/math\pgfmathfunctions.trigonometric.c
ode.tex)
(M:\.SetUps\.Miktex_SetUp\tex/generic/pgf/math\pgfmathfunctions.random.code.tex
)
(M:\.SetUps\.Miktex_SetUp\tex/generic/pgf/math\pgfmathfunctions.comparison.code
.tex)
(M:\.SetUps\.Miktex_SetUp\tex/generic/pgf/math\pgfmathfunctions.base.code.tex)
(M:\.SetUps\.Miktex_SetUp\tex/generic/pgf/math\pgfmathfunctions.round.code.tex)
(M:\.SetUps\.Miktex_SetUp\tex/generic/pgf/math\pgfmathfunctions.misc.code.tex)
(M:\.SetUps\.Miktex_SetUp\tex/generic/pgf/math\pgfmathfunctions.integerarithmet
ics.code.tex)))
(M:\.SetUps\.Miktex_SetUp\tex/generic/pgf/math\pgfmathfloat.code.tex
\c@pgfmathroundto@lastzeros=\count292
))
(M:\.SetUps\.Miktex_SetUp\tex/generic/pgf/math\pgfint.code.tex)
(M:\.SetUps\.Miktex_SetUp\tex/generic/pgf/basiclayer\pgfcorepoints.code.tex
File: pgfcorepoints.code.tex 2021/05/15 v3.1.9a (3.1.9a)
\pgf@picminx=\dimen168
\pgf@picmaxx=\dimen169
\pgf@picminy=\dimen170
\pgf@picmaxy=\dimen171
\pgf@pathminx=\dimen172
\pgf@pathmaxx=\dimen173
\pgf@pathminy=\dimen174
\pgf@pathmaxy=\dimen175
\pgf@xx=\dimen176
\pgf@xy=\dimen177
\pgf@yx=\dimen178
\pgf@yy=\dimen179
\pgf@zx=\dimen180
\pgf@zy=\dimen181
)
(M:\.SetUps\.Miktex_SetUp\tex/generic/pgf/basiclayer\pgfcorepathconstruct.code.
tex
File: pgfcorepathconstruct.code.tex 2021/05/15 v3.1.9a (3.1.9a)
\pgf@path@lastx=\dimen182
\pgf@path@lasty=\dimen183
)
(M:\.SetUps\.Miktex_SetUp\tex/generic/pgf/basiclayer\pgfcorepathusage.code.tex
File: pgfcorepathusage.code.tex 2021/05/15 v3.1.9a (3.1.9a)
\pgf@shorten@end@additional=\dimen184
\pgf@shorten@start@additional=\dimen185
) (M:\.SetUps\.Miktex_SetUp\tex/generic/pgf/basiclayer\pgfcorescopes.code.tex
File: pgfcorescopes.code.tex 2021/05/15 v3.1.9a (3.1.9a)
\pgfpic=\box55
\pgf@hbox=\box56
\pgf@layerbox@main=\box57
\pgf@picture@serial@count=\count293
)
(M:\.SetUps\.Miktex_SetUp\tex/generic/pgf/basiclayer\pgfcoregraphicstate.code.t
ex
File: pgfcoregraphicstate.code.tex 2021/05/15 v3.1.9a (3.1.9a)
\pgflinewidth=\dimen186
)
(M:\.SetUps\.Miktex_SetUp\tex/generic/pgf/basiclayer\pgfcoretransformations.cod
e.tex
File: pgfcoretransformations.code.tex 2021/05/15 v3.1.9a (3.1.9a)
\pgf@pt@x=\dimen187
\pgf@pt@y=\dimen188
\pgf@pt@temp=\dimen189
)
(M:\.SetUps\.Miktex_SetUp\tex/generic/pgf/basiclayer\pgfcorequick.code.tex
File: pgfcorequick.code.tex 2021/05/15 v3.1.9a (3.1.9a)
)
(M:\.SetUps\.Miktex_SetUp\tex/generic/pgf/basiclayer\pgfcoreobjects.code.tex
File: pgfcoreobjects.code.tex 2021/05/15 v3.1.9a (3.1.9a)
)
(M:\.SetUps\.Miktex_SetUp\tex/generic/pgf/basiclayer\pgfcorepathprocessing.code
.tex
File: pgfcorepathprocessing.code.tex 2021/05/15 v3.1.9a (3.1.9a)
)
(M:\.SetUps\.Miktex_SetUp\tex/generic/pgf/basiclayer\pgfcorearrows.code.tex
File: pgfcorearrows.code.tex 2021/05/15 v3.1.9a (3.1.9a)
\pgfarrowsep=\dimen190
)
(M:\.SetUps\.Miktex_SetUp\tex/generic/pgf/basiclayer\pgfcoreshade.code.tex
File: pgfcoreshade.code.tex 2021/05/15 v3.1.9a (3.1.9a)
\pgf@max=\dimen191
\pgf@sys@shading@range@num=\count294
\pgf@shadingcount=\count295
)
(M:\.SetUps\.Miktex_SetUp\tex/generic/pgf/basiclayer\pgfcoreimage.code.tex
File: pgfcoreimage.code.tex 2021/05/15 v3.1.9a (3.1.9a)

(M:\.SetUps\.Miktex_SetUp\tex/generic/pgf/basiclayer\pgfcoreexternal.code.tex
File: pgfcoreexternal.code.tex 2021/05/15 v3.1.9a (3.1.9a)
\pgfexternal@startupbox=\box58
)) (M:\.SetUps\.Miktex_SetUp\tex/generic/pgf/basiclayer\pgfcorelayers.code.tex
File: pgfcorelayers.code.tex 2021/05/15 v3.1.9a (3.1.9a)
)
(M:\.SetUps\.Miktex_SetUp\tex/generic/pgf/basiclayer\pgfcoretransparency.code.t
ex
File: pgfcoretransparency.code.tex 2021/05/15 v3.1.9a (3.1.9a)
)
(M:\.SetUps\.Miktex_SetUp\tex/generic/pgf/basiclayer\pgfcorepatterns.code.tex
File: pgfcorepatterns.code.tex 2021/05/15 v3.1.9a (3.1.9a)
)
(M:\.SetUps\.Miktex_SetUp\tex/generic/pgf/basiclayer\pgfcorerdf.code.tex
File: pgfcorerdf.code.tex 2021/05/15 v3.1.9a (3.1.9a)
)))
(M:\.SetUps\.Miktex_SetUp\tex/generic/pgf/modules\pgfmoduleshapes.code.tex
File: pgfmoduleshapes.code.tex 2021/05/15 v3.1.9a (3.1.9a)
\pgfnodeparttextbox=\box59
)
(M:\.SetUps\.Miktex_SetUp\tex/generic/pgf/modules\pgfmoduleplot.code.tex
File: pgfmoduleplot.code.tex 2021/05/15 v3.1.9a (3.1.9a)
)
(M:\.SetUps\.Miktex_SetUp\tex/latex/pgf/compatibility\pgfcomp-version-0-65.sty
Package: pgfcomp-version-0-65 2021/05/15 v3.1.9a (3.1.9a)
\pgf@nodesepstart=\dimen192
\pgf@nodesepend=\dimen193
) (M:\.SetUps\.Miktex_SetUp\tex/latex/pgf/compatibility\pgfcomp-version-1-18.st
y
Package: pgfcomp-version-1-18 2021/05/15 v3.1.9a (3.1.9a)
)) (M:\.SetUps\.Miktex_SetUp\tex/latex/pgf/utilities\pgffor.sty
(M:\.SetUps\.Miktex_SetUp\tex/latex/pgf/utilities\pgfkeys.sty
(M:\.SetUps\.Miktex_SetUp\tex/generic/pgf/utilities\pgfkeys.code.tex))
(M:\.SetUps\.Miktex_SetUp\tex/latex/pgf/math\pgfmath.sty
(M:\.SetUps\.Miktex_SetUp\tex/generic/pgf/math\pgfmath.code.tex))
(M:\.SetUps\.Miktex_SetUp\tex/generic/pgf/utilities\pgffor.code.tex
Package: pgffor 2021/05/15 v3.1.9a (3.1.9a)

(M:\.SetUps\.Miktex_SetUp\tex/generic/pgf/math\pgfmath.code.tex)
\pgffor@iter=\dimen194
\pgffor@skip=\dimen195
\pgffor@stack=\toks32
\pgffor@toks=\toks33
))
(M:\.SetUps\.Miktex_SetUp\tex/generic/pgf/frontendlayer/tikz\tikz.code.tex
Package: tikz 2021/05/15 v3.1.9a (3.1.9a)

(M:\.SetUps\.Miktex_SetUp\tex/generic/pgf/libraries\pgflibraryplothandlers.code
.tex
File: pgflibraryplothandlers.code.tex 2021/05/15 v3.1.9a (3.1.9a)
\pgf@plot@mark@count=\count296
\pgfplotmarksize=\dimen196
)
\tikz@lastx=\dimen197
\tikz@lasty=\dimen198
\tikz@lastxsaved=\dimen199
\tikz@lastysaved=\dimen256
\tikz@lastmovetox=\dimen257
\tikz@lastmovetoy=\dimen258
\tikzleveldistance=\dimen259
\tikzsiblingdistance=\dimen260
\tikz@figbox=\box60
\tikz@figbox@bg=\box61
\tikz@tempbox=\box62
\tikz@tempbox@bg=\box63
\tikztreelevel=\count297
\tikznumberofchildren=\count298
\tikznumberofcurrentchild=\count299
\tikz@fig@count=\count300

(M:\.SetUps\.Miktex_SetUp\tex/generic/pgf/modules\pgfmodulematrix.code.tex
File: pgfmodulematrix.code.tex 2021/05/15 v3.1.9a (3.1.9a)
\pgfmatrixcurrentrow=\count301
\pgfmatrixcurrentcolumn=\count302
\pgf@matrix@numberofcolumns=\count303
)
\tikz@expandcount=\count304

(M:\.SetUps\.Miktex_SetUp\tex/generic/pgf/frontendlayer/tikz/libraries\tikzlibr
arytopaths.code.tex
File: tikzlibrarytopaths.code.tex 2021/05/15 v3.1.9a (3.1.9a)
)))
(M:\.SetUps\.Miktex_SetUp\tex/generic/mathdots\mathdots.sty
Package: mathdots 2014/06/11 v0.9 Improve and add various macros for dots in ma
th.
\MDo@unit=\dimen261
\MDo@dotsbox=\box64
\MDoprekern=\muskip18
\MDopostkern=\muskip19
\MDodotkern=\muskip20
)
(M:\.SetUps\.Miktex_SetUp\tex/latex/yhmath\yhmath.sty
Package: yhmath 2020/03/17 v1.6
\symyhlargesymbols=\mathgroup4
LaTeX Font Info:    Redeclaring math accent \widetilde on input line 29.
LaTeX Font Info:    Redeclaring math accent \widehat on input line 30.
LaTeX Font Info:    Redeclaring math symbol \braceld on input line 48.
LaTeX Font Info:    Redeclaring math symbol \bracerd on input line 49.
LaTeX Font Info:    Redeclaring math symbol \bracelu on input line 50.
LaTeX Font Info:    Redeclaring math symbol \braceru on input line 51.
LaTeX Font Info:    Redeclaring math delimiter \lmoustache on input line 53.
LaTeX Font Info:    Redeclaring math delimiter \rmoustache on input line 55.
LaTeX Font Info:    Redeclaring math delimiter \arrowvert on input line 57.
LaTeX Font Info:    Redeclaring math delimiter \Arrowvert on input line 59.
LaTeX Font Info:    Redeclaring math delimiter \Vert on input line 61.
LaTeX Font Info:    Redeclaring math delimiter \vert on input line 63.
LaTeX Font Info:    Redeclaring math delimiter \uparrow on input line 65.
LaTeX Font Info:    Redeclaring math delimiter \downarrow on input line 67.
LaTeX Font Info:    Redeclaring math delimiter \updownarrow on input line 69.
LaTeX Font Info:    Redeclaring math delimiter \Uparrow on input line 71.
LaTeX Font Info:    Redeclaring math delimiter \Downarrow on input line 73.
LaTeX Font Info:    Redeclaring math delimiter \Updownarrow on input line 75.
LaTeX Font Info:    Redeclaring math delimiter \backslash on input line 79.
LaTeX Font Info:    Redeclaring math delimiter \rangle on input line 81.
LaTeX Font Info:    Redeclaring math delimiter \langle on input line 83.
LaTeX Font Info:    Redeclaring math delimiter \rbrace on input line 85.
LaTeX Font Info:    Redeclaring math delimiter \lbrace on input line 87.
LaTeX Font Info:    Redeclaring math delimiter \rceil on input line 89.
LaTeX Font Info:    Redeclaring math delimiter \lceil on input line 91.
LaTeX Font Info:    Redeclaring math delimiter \rfloor on input line 93.
LaTeX Font Info:    Redeclaring math delimiter \lfloor on input line 95.
LaTeX Font Info:    Redeclaring math delimiter \lgroup on input line 97.
LaTeX Font Info:    Redeclaring math delimiter \rgroup on input line 99.
LaTeX Font Info:    Redeclaring math delimiter \bracevert on input line 101.
)
(M:\.SetUps\.Miktex_SetUp\tex/latex/cancel\cancel.sty
Package: cancel 2013/04/12 v2.2 Cancel math terms
)
(M:\.SetUps\.Miktex_SetUp\tex/latex/siunitx\siunitx.sty
Package: siunitx 2022-05-03 v3.1.1 A comprehensive (SI) units package
\l__siunitx_angle_tmp_dim=\dimen262
\l__siunitx_angle_marker_box=\box65
\l__siunitx_angle_unit_box=\box66
\l__siunitx_compound_count_int=\count305

(M:\.SetUps\.Miktex_SetUp\tex/latex/translations\translations.sty
Package: translations 2022/02/05 v1.12 internationalization of LaTeX2e packages
 (CN)

(M:\.SetUps\.Miktex_SetUp\tex/latex/etoolbox\etoolbox.sty
Package: etoolbox 2020/10/05 v2.5k e-TeX tools for LaTeX (JAW)
\etb@tempcnta=\count306
))
\l__siunitx_number_exponent_fixed_int=\count307
\l__siunitx_number_min_decimal_int=\count308
\l__siunitx_number_min_integer_int=\count309
\l__siunitx_number_round_precision_int=\count310
\l__siunitx_number_group_first_int=\count311
\l__siunitx_number_group_size_int=\count312
\l__siunitx_number_group_minimum_int=\count313
\l__siunitx_table_tmp_box=\box67
\l__siunitx_table_tmp_dim=\dimen263
\l__siunitx_table_column_width_dim=\dimen264
\l__siunitx_table_integer_box=\box68
\l__siunitx_table_decimal_box=\box69
\l__siunitx_table_before_box=\box70
\l__siunitx_table_after_box=\box71
\l__siunitx_table_before_dim=\dimen265
\l__siunitx_table_carry_dim=\dimen266
\l__siunitx_unit_tmp_int=\count314
\l__siunitx_unit_position_int=\count315
\l__siunitx_unit_total_int=\count316

(M:\.SetUps\.Miktex_SetUp\tex/latex/l3packages/l3keys2e\l3keys2e.sty
Package: l3keys2e 2022-01-12 LaTeX2e option processing using LaTeX3 keys
)
(M:\.SetUps\.Miktex_SetUp\tex/latex/tools\array.sty
Package: array 2021/10/04 v2.5f Tabular extension package (FMi)
\col@sep=\dimen267
\ar@mcellbox=\box72
\extrarowheight=\dimen268
\NC@list=\toks34
\extratabsurround=\skip53
\backup@length=\skip54
\ar@cellbox=\box73
))
(M:\.SetUps\.Miktex_SetUp\tex/latex/multirow\multirow.sty
Package: multirow 2021/03/15 v2.8 Span multiple rows of a table
\multirow@colwidth=\skip55
\multirow@cntb=\count317
\multirow@dima=\skip56
\bigstrutjot=\dimen269
)
(M:\.SetUps\.Miktex_SetUp\tex/latex/amsfonts\amssymb.sty
Package: amssymb 2013/01/14 v3.01 AMS font symbols

(M:\.SetUps\.Miktex_SetUp\tex/latex/amsfonts\amsfonts.sty
Package: amsfonts 2013/01/14 v3.01 Basic AMSFonts support
\symAMSa=\mathgroup5
\symAMSb=\mathgroup6
LaTeX Font Info:    Redeclaring math symbol \hbar on input line 98.
LaTeX Font Info:    Overwriting math alphabet `\mathfrak' in version `bold'
(Font)                  U/euf/m/n --> U/euf/b/n on input line 106.
))
(M:\.SetUps\.Miktex_SetUp\tex/latex/was\gensymb.sty
Package: gensymb 2003/07/02 v1.0 (WaS)
)
(M:\.SetUps\.Miktex_SetUp\tex/latex/tools\tabularx.sty
Package: tabularx 2020/01/15 v2.11c `tabularx' package (DPC)
\TX@col@width=\dimen270
\TX@old@table=\dimen271
\TX@old@col=\dimen272
\TX@target=\dimen273
\TX@delta=\dimen274
\TX@cols=\count318
\TX@ftn=\toks35
)
(M:\.SetUps\.Miktex_SetUp\tex/latex/extarrows\extarrows.sty
Package: extarrows 2020/03/12 v1.2.0 Some extensible arrows
)
(M:\.SetUps\.Miktex_SetUp\tex/latex/booktabs\booktabs.sty
Package: booktabs 2020/01/12 v1.61803398 Publication quality tables
\heavyrulewidth=\dimen275
\lightrulewidth=\dimen276
\cmidrulewidth=\dimen277
\belowrulesep=\dimen278
\belowbottomsep=\dimen279
\aboverulesep=\dimen280
\abovetopsep=\dimen281
\cmidrulesep=\dimen282
\cmidrulekern=\dimen283
\defaultaddspace=\dimen284
\@cmidla=\count319
\@cmidlb=\count320
\@aboverulesep=\dimen285
\@belowrulesep=\dimen286
\@thisruleclass=\count321
\@lastruleclass=\count322
\@thisrulewidth=\dimen287
)
(M:\.SetUps\.Miktex_SetUp\tex/generic/pgf/frontendlayer/tikz/libraries\tikzlibr
aryfadings.code.tex
File: tikzlibraryfadings.code.tex 2021/05/15 v3.1.9a (3.1.9a)

(M:\.SetUps\.Miktex_SetUp\tex/generic/pgf/libraries\pgflibraryfadings.code.tex
File: pgflibraryfadings.code.tex 2021/05/15 v3.1.9a (3.1.9a)
))
(M:\.SetUps\.Miktex_SetUp\tex/generic/pgf/frontendlayer/tikz/libraries\tikzlibr
arypatterns.code.tex
File: tikzlibrarypatterns.code.tex 2021/05/15 v3.1.9a (3.1.9a)

(M:\.SetUps\.Miktex_SetUp\tex/generic/pgf/libraries\pgflibrarypatterns.code.tex
File: pgflibrarypatterns.code.tex 2021/05/15 v3.1.9a (3.1.9a)
))
(M:\.SetUps\.Miktex_SetUp\tex/latex/pgf-blur\tikzlibraryshadows.blur.code.tex
 v1.02, 2012/12/09
(M:\.SetUps\.Miktex_SetUp\tex/generic/pgf/frontendlayer/tikz/libraries\tikzlibr
aryshadows.code.tex
File: tikzlibraryshadows.code.tex 2021/05/15 v3.1.9a (3.1.9a)
)
(M:\.SetUps\.Miktex_SetUp\tex/generic/pgf/frontendlayer/tikz/libraries\tikzlibr
arycalc.code.tex
File: tikzlibrarycalc.code.tex 2021/05/15 v3.1.9a (3.1.9a)
)
\pgfbs@fading@count=\count323
)
(M:\.SetUps\.Miktex_SetUp\tex/generic/pgf/frontendlayer/tikz/libraries\tikzlibr
aryshapes.code.tex
File: tikzlibraryshapes.code.tex 2021/05/15 v3.1.9a (3.1.9a)

(M:\.SetUps\.Miktex_SetUp\tex/generic/pgf/frontendlayer/tikz/libraries\tikzlibr
aryshapes.geometric.code.tex
File: tikzlibraryshapes.geometric.code.tex 2021/05/15 v3.1.9a (3.1.9a)

(M:\.SetUps\.Miktex_SetUp\tex/generic/pgf/libraries/shapes\pgflibraryshapes.geo
metric.code.tex
File: pgflibraryshapes.geometric.code.tex 2021/05/15 v3.1.9a (3.1.9a)
))
(M:\.SetUps\.Miktex_SetUp\tex/generic/pgf/frontendlayer/tikz/libraries\tikzlibr
aryshapes.misc.code.tex
File: tikzlibraryshapes.misc.code.tex 2021/05/15 v3.1.9a (3.1.9a)

(M:\.SetUps\.Miktex_SetUp\tex/generic/pgf/libraries/shapes\pgflibraryshapes.mis
c.code.tex
File: pgflibraryshapes.misc.code.tex 2021/05/15 v3.1.9a (3.1.9a)
))
(M:\.SetUps\.Miktex_SetUp\tex/generic/pgf/frontendlayer/tikz/libraries\tikzlibr
aryshapes.symbols.code.tex
File: tikzlibraryshapes.symbols.code.tex 2021/05/15 v3.1.9a (3.1.9a)

(M:\.SetUps\.Miktex_SetUp\tex/generic/pgf/libraries/shapes\pgflibraryshapes.sym
bols.code.tex
File: pgflibraryshapes.symbols.code.tex 2021/05/15 v3.1.9a (3.1.9a)
))
(M:\.SetUps\.Miktex_SetUp\tex/generic/pgf/frontendlayer/tikz/libraries\tikzlibr
aryshapes.arrows.code.tex
File: tikzlibraryshapes.arrows.code.tex 2021/05/15 v3.1.9a (3.1.9a)

(M:\.SetUps\.Miktex_SetUp\tex/generic/pgf/libraries/shapes\pgflibraryshapes.arr
ows.code.tex
File: pgflibraryshapes.arrows.code.tex 2021/05/15 v3.1.9a (3.1.9a)
))
(M:\.SetUps\.Miktex_SetUp\tex/generic/pgf/frontendlayer/tikz/libraries\tikzlibr
aryshapes.callouts.code.tex
(M:\.SetUps\.Miktex_SetUp\tex/generic/pgf/libraries/shapes\pgflibraryshapes.cal
louts.code.tex))
(M:\.SetUps\.Miktex_SetUp\tex/generic/pgf/frontendlayer/tikz/libraries\tikzlibr
aryshapes.multipart.code.tex
File: tikzlibraryshapes.multipart.code.tex 2021/05/15 v3.1.9a (3.1.9a)

(M:\.SetUps\.Miktex_SetUp\tex/generic/pgf/libraries/shapes\pgflibraryshapes.mul
tipart.code.tex
File: pgflibraryshapes.multipart.code.tex 2021/05/15 v3.1.9a (3.1.9a)
\pgfnodepartlowerbox=\box74
\pgfnodeparttwobox=\box75
\pgfnodepartthreebox=\box76
\pgfnodepartfourbox=\box77
\pgfnodeparttwentybox=\box78
\pgfnodepartnineteenbox=\box79
\pgfnodeparteighteenbox=\box80
\pgfnodepartseventeenbox=\box81
\pgfnodepartsixteenbox=\box82
\pgfnodepartfifteenbox=\box83
\pgfnodepartfourteenbox=\box84
\pgfnodepartthirteenbox=\box85
\pgfnodeparttwelvebox=\box86
\pgfnodepartelevenbox=\box87
\pgfnodeparttenbox=\box88
\pgfnodepartninebox=\box89
\pgfnodeparteightbox=\box90
\pgfnodepartsevenbox=\box91
\pgfnodepartsixbox=\box92
\pgfnodepartfivebox=\box93
))) (M:\.SetUps\.Miktex_SetUp\tex/latex/fancyhdr\fancyhdr.sty
Package: fancyhdr 2021/01/28 v4.0.1 Extensive control of page headers and foote
rs
\f@nch@headwidth=\skip57
\f@nch@O@elh=\skip58
\f@nch@O@erh=\skip59
\f@nch@O@olh=\skip60
\f@nch@O@orh=\skip61
\f@nch@O@elf=\skip62
\f@nch@O@erf=\skip63
\f@nch@O@olf=\skip64
\f@nch@O@orf=\skip65
)
No file Tema_ELTH_Negru_Mihai.aux.
\openout1 = `Tema_ELTH_Negru_Mihai.aux'.

LaTeX Font Info:    Checking defaults for OML/cmm/m/it on input line 53.
LaTeX Font Info:    ... okay on input line 53.
LaTeX Font Info:    Checking defaults for OMS/cmsy/m/n on input line 53.
LaTeX Font Info:    ... okay on input line 53.
LaTeX Font Info:    Checking defaults for OT1/cmr/m/n on input line 53.
LaTeX Font Info:    ... okay on input line 53.
LaTeX Font Info:    Checking defaults for T1/cmr/m/n on input line 53.
LaTeX Font Info:    ... okay on input line 53.
LaTeX Font Info:    Checking defaults for TS1/cmr/m/n on input line 53.
LaTeX Font Info:    ... okay on input line 53.
LaTeX Font Info:    Checking defaults for OMX/cmex/m/n on input line 53.
LaTeX Font Info:    ... okay on input line 53.
LaTeX Font Info:    Checking defaults for U/cmr/m/n on input line 53.
LaTeX Font Info:    ... okay on input line 53.
LaTeX Font Info:    Checking defaults for PD1/pdf/m/n on input line 53.
LaTeX Font Info:    ... okay on input line 53.
LaTeX Font Info:    Checking defaults for PU/pdf/m/n on input line 53.
LaTeX Font Info:    ... okay on input line 53.
Package hyperref Info: Link coloring OFF on input line 53.
(M:\.SetUps\.Miktex_SetUp\tex/latex/hyperref\nameref.sty
Package: nameref 2021-04-02 v2.47 Cross-referencing by name of section

(M:\.SetUps\.Miktex_SetUp\tex/latex/refcount\refcount.sty
Package: refcount 2019/12/15 v3.6 Data extraction from label references (HO)
)
(M:\.SetUps\.Miktex_SetUp\tex/generic/gettitlestring\gettitlestring.sty
Package: gettitlestring 2019/12/15 v1.6 Cleanup title references (HO)
)
\c@section@level=\count324
)
LaTeX Info: Redefining \ref on input line 53.
LaTeX Info: Redefining \pageref on input line 53.
LaTeX Info: Redefining \nameref on input line 53.
\@outlinefile=\write4
\openout4 = `Tema_ELTH_Negru_Mihai.out'.


(M:\.SetUps\.Miktex_SetUp\tex/context/base/mkii\supp-pdf.mkii
[Loading MPS to PDF converter (version 2006.09.02).]
\scratchcounter=\count325
\scratchdimen=\dimen288
\scratchbox=\box94
\nofMPsegments=\count326
\nofMParguments=\count327
\everyMPshowfont=\toks36
\MPscratchCnt=\count328
\MPscratchDim=\dimen289
\MPnumerator=\count329
\makeMPintoPDFobject=\count330
\everyMPtoPDFconversion=\toks37
) (M:\.SetUps\.Miktex_SetUp\tex/latex/epstopdf-pkg\epstopdf-base.sty
Package: epstopdf-base 2020-01-24 v2.11 Base part for package epstopdf
Package epstopdf-base Info: Redefining graphics rule for `.eps' on input line 4
85.

(M:\.SetUps\.Miktex_SetUp\tex/latex/00miktex\epstopdf-sys.cfg
File: epstopdf-sys.cfg 2021/03/18 v2.0 Configuration of epstopdf for MiKTeX
))

Package siunitx Warning: Detected the "physics" package:
(siunitx)                omitting definition of \qty.
(siunitx)                
(siunitx)                If you want to use \qty with the siunitx definition,
(siunitx)                add 
(siunitx)                
(siunitx)                    \AtBeginDocument{\RenewCommandCopy\qty\SI}
(siunitx)                
(siunitx)                to your preamble.

Package translations Info: no dictionary file `translations-basic-dictionary-ro
manian.trsl' found. on input line 53.
LaTeX Info: Redefining \celsius on input line 53.
Package gensymb Info: Faking symbols for \degree and \celsius on input line 53.


Package gensymb Warning: Not defining \perthousand.

LaTeX Info: Redefining \ohm on input line 53.
Package gensymb Info: Using \Omega for \ohm on input line 53.

Package gensymb Warning: Not defining \micro.

LaTeX Font Info:    Trying to load font information for OMX+yhex on input line 
56.
(M:\.SetUps\.Miktex_SetUp\tex/latex/yhmath\omxyhex.fd
File: OMXyhex.fd 
File: OMXyhex.fd 2013/07/03 v1.1 YH's humble contribution to TeX maths (NP)
)
LaTeX Font Info:    Trying to load font information for U+msa on input line 56.


(M:\.SetUps\.Miktex_SetUp\tex/latex/amsfonts\umsa.fd
File: umsa.fd 2013/01/14 v3.01 AMS symbols A
)
LaTeX Font Info:    Trying to load font information for U+msb on input line 56.


(M:\.SetUps\.Miktex_SetUp\tex/latex/amsfonts\umsb.fd
File: umsb.fd 2013/01/14 v3.01 AMS symbols B
) [1

{C:/Users/Mihai Negru/AppData/Local/MiKTeX/fonts/map/pdftex/pdftex.map}]
\tf@toc=\write5
\openout5 = `Tema_ELTH_Negru_Mihai.toc'.



Package fancyhdr Warning: \headheight is too small (12.0pt): 
(fancyhdr)                Make it at least 14.49998pt, for example:
(fancyhdr)                \setlength{\headheight}{14.49998pt}.
(fancyhdr)                You might also make \topmargin smaller to compensate:

(fancyhdr)                \addtolength{\topmargin}{-2.49998pt}.

[2]
Overfull \hbox (33.8925pt too wide) in paragraph at lines 100--101
 [] 
 []


Overfull \hbox (33.8925pt too wide) in paragraph at lines 163--164
 [] 
 []


Package fancyhdr Warning: \headheight is too small (12.0pt): 
(fancyhdr)                Make it at least 14.49998pt, for example:
(fancyhdr)                \setlength{\headheight}{14.49998pt}.
(fancyhdr)                You might also make \topmargin smaller to compensate:

(fancyhdr)                \addtolength{\topmargin}{-2.49998pt}.

[3]
Overfull \hbox (41.625pt too wide) in paragraph at lines 300--301
 [] 
 []


Overfull \hbox (36.375pt too wide) in paragraph at lines 409--410
 [] 
 []


Package fancyhdr Warning: \headheight is too small (12.0pt): 
(fancyhdr)                Make it at least 14.49998pt, for example:
(fancyhdr)                \setlength{\headheight}{14.49998pt}.
(fancyhdr)                You might also make \topmargin smaller to compensate:

(fancyhdr)                \addtolength{\topmargin}{-2.49998pt}.

[4]
Overfull \hbox (66.285pt too wide) in paragraph at lines 622--623
 [] 
 []


Package fancyhdr Warning: \headheight is too small (12.0pt): 
(fancyhdr)                Make it at least 14.49998pt, for example:
(fancyhdr)                \setlength{\headheight}{14.49998pt}.
(fancyhdr)                You might also make \topmargin smaller to compensate:

(fancyhdr)                \addtolength{\topmargin}{-2.49998pt}.

[5]

LaTeX Warning: Command \textcommabelow invalid in math mode on input line 633.


LaTeX Warning: Command \^ invalid in math mode on input line 634.

! Please use \mathaccent for accents in math mode.
\add@accent ... \let \ignorespaces \relax \accent 
                                                  #1 #2\egroup \ifmmode \els...
l.634     \item $ Kirchhoff \;î
                                n \;curenți \Rightarrow \;L - N + 1 = 6 \;e...

? 
! Missing { inserted.
<to be read again> 
                   \begingroup 
l.634     \item $ Kirchhoff \;î
                                n \;curenți \Rightarrow \;L - N + 1 = 6 \;e...

? 

LaTeX Warning: Command \i invalid in math mode on input line 634.


LaTeX Warning: Command \textcommabelow invalid in math mode on input line 634.


LaTeX Warning: Command \textcommabelow invalid in math mode on input line 634.

! Missing } inserted.
<inserted text> 
                }
l.634 ...i \Rightarrow \;L - N + 1 = 6 \;ecuații$
                                                  
? 

LaTeX Warning: Command \^ invalid in math mode on input line 635.

! Please use \mathaccent for accents in math mode.
\add@accent ... \let \ignorespaces \relax \accent 
                                                  #1 #2\egroup \ifmmode \els...
l.635     \item $ Kirchhoff  î
                               n tensiuni \Rightarrow N - 1 = 8 ecuații$
? 
! Missing { inserted.
<to be read again> 
                   \begingroup 
l.635     \item $ Kirchhoff  î
                               n tensiuni \Rightarrow N - 1 = 8 ecuații$
? 

LaTeX Warning: Command \i invalid in math mode on input line 635.


LaTeX Warning: Command \textcommabelow invalid in math mode on input line 635.

! Missing } inserted.
<inserted text> 
                }
l.635 ... tensiuni \Rightarrow N - 1 = 8 ecuații$
                                                  
? 

LaTeX Warning: Command \textcommabelow invalid in math mode on input line 636.


LaTeX Warning: Command \textcommabelow invalid in math mode on input line 636.


LaTeX Warning: Command \^ invalid in math mode on input line 637.

! Please use \mathaccent for accents in math mode.
\add@accent ... \let \ignorespaces \relax \accent 
                                                  #1 #2\egroup \ifmmode \els...
l.637     \item $ Tensiuni \;î
                               n \;ramuri \Rightarrow \;N - 1 - n_{SIT} = 4\...

? 
! Missing { inserted.
<to be read again> 
                   \begingroup 
l.637     \item $ Tensiuni \;î
                               n \;ramuri \Rightarrow \;N - 1 - n_{SIT} = 4\...

? 

LaTeX Warning: Command \i invalid in math mode on input line 637.


LaTeX Warning: Command \textcommabelow invalid in math mode on input line 637.

! Missing } inserted.
<inserted text> 
                }
l.637 ...ghtarrow \;N - 1 - n_{SIT} = 4\;ecuații$
                                                  
? 

Package fancyhdr Warning: \headheight is too small (12.0pt): 
(fancyhdr)                Make it at least 14.49998pt, for example:
(fancyhdr)                \setlength{\headheight}{14.49998pt}.
(fancyhdr)                You might also make \topmargin smaller to compensate:

(fancyhdr)                \addtolength{\topmargin}{-2.49998pt}.

[6]
Overfull \hbox (85.92624pt too wide) in paragraph at lines 928--929
 [] 
 []


Package fancyhdr Warning: \headheight is too small (12.0pt): 
(fancyhdr)                Make it at least 14.49998pt, for example:
(fancyhdr)                \setlength{\headheight}{14.49998pt}.
(fancyhdr)                You might also make \topmargin smaller to compensate:

(fancyhdr)                \addtolength{\topmargin}{-2.49998pt}.

[7
pdfTeX warning (ext4): destination with the same identifier (name{equation.2.1}
) has been already used, duplicate ignored
<argument> ...shipout:D \box_use:N \l_shipout_box 
                                                  \__shipout_drop_firstpage_...
l.952 \newpage
              ]
Overfull \hbox (41.625pt too wide) in paragraph at lines 1085--1086
 [] 
 []


Overfull \hbox (36.375pt too wide) in paragraph at lines 1194--1195
 [] 
 []


Package fancyhdr Warning: \headheight is too small (12.0pt): 
(fancyhdr)                Make it at least 14.49998pt, for example:
(fancyhdr)                \setlength{\headheight}{14.49998pt}.
(fancyhdr)                You might also make \topmargin smaller to compensate:

(fancyhdr)                \addtolength{\topmargin}{-2.49998pt}.

[8]
Overfull \hbox (9.49168pt too wide) in paragraph at lines 1204--1205
[]\OT1/cmr/m/n/12 In aceast^^Ua sec[]iune vom trans-forma cir-cu-i-tul elec-tri
c li-niar re-zis-tiv din sec[]iunile
 []


Overfull \hbox (85.51373pt too wide) in paragraph at lines 1479--1480
 [] 
 []


Package fancyhdr Warning: \headheight is too small (12.0pt): 
(fancyhdr)                Make it at least 14.49998pt, for example:
(fancyhdr)                \setlength{\headheight}{14.49998pt}.
(fancyhdr)                You might also make \topmargin smaller to compensate:

(fancyhdr)                \addtolength{\topmargin}{-2.49998pt}.

[9]
<Tensiune_echivalenta.png, id=90, 541.27219pt x 326.72063pt>
File: Tensiune_echivalenta.png Graphic file (type png)
<use Tensiune_echivalenta.png>
Package pdftex.def Info: Tensiune_echivalenta.png  used on input line 1486.
(pdftex.def)             Requested size: 390.013pt x 235.41814pt.

Overfull \hbox (25.11737pt too wide) in paragraph at lines 1483--1490
[]\OT1/cmr/m/n/12 Rul^and acest cir-cuit ^^^Pn \OT1/cmr/m/it/12 LT-Spice \OT1/c
mr/m/n/12 ob[]inem urm^^Uatoarea va-loare pen-tru poten[]ialul
 []


Package fancyhdr Warning: \headheight is too small (12.0pt): 
(fancyhdr)                Make it at least 14.49998pt, for example:
(fancyhdr)                \setlength{\headheight}{14.49998pt}.
(fancyhdr)                You might also make \topmargin smaller to compensate:

(fancyhdr)                \addtolength{\topmargin}{-2.49998pt}.

[10 <M:/UPB_Files/An1_Sem2/Electrotehnica/Tema/Tensiune_echivalenta.png>]
<Intensitatea_de_scurt.png, id=98, 597.73312pt x 325.96782pt>
File: Intensitatea_de_scurt.png Graphic file (type png)
<use Intensitatea_de_scurt.png>
Package pdftex.def Info: Intensitatea_de_scurt.png  used on input line 1730.
(pdftex.def)             Requested size: 389.99947pt x 212.68233pt.


Package fancyhdr Warning: \headheight is too small (12.0pt): 
(fancyhdr)                Make it at least 14.49998pt, for example:
(fancyhdr)                \setlength{\headheight}{14.49998pt}.
(fancyhdr)                You might also make \topmargin smaller to compensate:

(fancyhdr)                \addtolength{\topmargin}{-2.49998pt}.

[11 <M:/UPB_Files/An1_Sem2/Electrotehnica/Tema/Intensitatea_de_scurt.png>]
Overfull \hbox (3.55148pt too wide) in paragraph at lines 1859--1860
[]\OT1/cmr/m/n/12 Pentru a pu-tea ve-dea ca-rac-te-ris-tica aces-tuia []i pen-t
ru a nu sup^^Uara LTSpice-
 []

<Caracteristica_generator.png, id=105, 601.4972pt x 325.215pt>
File: Caracteristica_generator.png Graphic file (type png)
<use Caracteristica_generator.png>
Package pdftex.def Info: Caracteristica_generator.png  used on input line 1863.

(pdftex.def)             Requested size: 390.01402pt x 210.87115pt.

Package fancyhdr Warning: \headheight is too small (12.0pt): 
(fancyhdr)                Make it at least 14.49998pt, for example:
(fancyhdr)                \setlength{\headheight}{14.49998pt}.
(fancyhdr)                You might also make \topmargin smaller to compensate:

(fancyhdr)                \addtolength{\topmargin}{-2.49998pt}.

[12 <M:/UPB_Files/An1_Sem2/Electrotehnica/Tema/Caracteristica_generator.png>]

Package fancyhdr Warning: \headheight is too small (12.0pt): 
(fancyhdr)                Make it at least 14.49998pt, for example:
(fancyhdr)                \setlength{\headheight}{14.49998pt}.
(fancyhdr)                You might also make \topmargin smaller to compensate:

(fancyhdr)                \addtolength{\topmargin}{-2.49998pt}.

[13]
<Caracteristica_ambele.png, id=117, 629.35126pt x 347.04657pt>
File: Caracteristica_ambele.png Graphic file (type png)
<use Caracteristica_ambele.png>
Package pdftex.def Info: Caracteristica_ambele.png  used on input line 1979.
(pdftex.def)             Requested size: 390.00168pt x 215.06073pt.

Overfull \hbox (8.64308pt too wide) in paragraph at lines 1988--1989
[][]\OT1/cmr/m/n/12 In urm^^Uatoarele dou^^Ua sec[]iuni vom ve-dea ce se ^^^Pnt
^ampl^^Ua atunci c^and ^^^Pnlocuim
 []


Package fancyhdr Warning: \headheight is too small (12.0pt): 
(fancyhdr)                Make it at least 14.49998pt, for example:
(fancyhdr)                \setlength{\headheight}{14.49998pt}.
(fancyhdr)                You might also make \topmargin smaller to compensate:

(fancyhdr)                \addtolength{\topmargin}{-2.49998pt}.

[14 <M:/UPB_Files/An1_Sem2/Electrotehnica/Tema/Caracteristica_ambele.png>]
Overfull \hbox (0.53297pt too wide) in paragraph at lines 2108--2109
[]\OT1/cmr/m/n/12 Dioda Ze-ner care a fost aleas^^Ua pen-tru a mul[]umi LTSpice
-ul este \OT1/cmr/m/it/12 1N5378B\OT1/cmr/m/n/12 ,
 []


Package fancyhdr Warning: \headheight is too small (12.0pt): 
(fancyhdr)                Make it at least 14.49998pt, for example:
(fancyhdr)                \setlength{\headheight}{14.49998pt}.
(fancyhdr)                You might also make \topmargin smaller to compensate:

(fancyhdr)                \addtolength{\topmargin}{-2.49998pt}.

[15]
<Dioda_direct.png, id=129, 726.46407pt x 326.72063pt>
File: Dioda_direct.png Graphic file (type png)
<use Dioda_direct.png>
Package pdftex.def Info: Dioda_direct.png  used on input line 2114.
(pdftex.def)             Requested size: 390.01234pt x 175.40451pt.


Package fancyhdr Warning: \headheight is too small (12.0pt): 
(fancyhdr)                Make it at least 14.49998pt, for example:
(fancyhdr)                \setlength{\headheight}{14.49998pt}.
(fancyhdr)                You might also make \topmargin smaller to compensate:

(fancyhdr)                \addtolength{\topmargin}{-2.49998pt}.

[16 <M:/UPB_Files/An1_Sem2/Electrotehnica/Tema/Dioda_direct.png>]
Overfull \hbox (19.22214pt too wide) in paragraph at lines 2125--2126
\OT1/cmr/m/n/12 vom schimba sen-sul di-o-dei []i pen-tru la fel a nu avea mari 
dependen[]e exponen[]iale
 []


Package fancyhdr Warning: \headheight is too small (12.0pt): 
(fancyhdr)                Make it at least 14.49998pt, for example:
(fancyhdr)                \setlength{\headheight}{14.49998pt}.
(fancyhdr)                You might also make \topmargin smaller to compensate:

(fancyhdr)                \addtolength{\topmargin}{-2.49998pt}.

[17]
<Dioda_indirect.png, id=141, 708.39656pt x 325.215pt>
File: Dioda_indirect.png Graphic file (type png)
<use Dioda_indirect.png>
Package pdftex.def Info: Dioda_indirect.png  used on input line 2244.
(pdftex.def)             Requested size: 390.00844pt x 179.04744pt.


Package fancyhdr Warning: \headheight is too small (12.0pt): 
(fancyhdr)                Make it at least 14.49998pt, for example:
(fancyhdr)                \setlength{\headheight}{14.49998pt}.
(fancyhdr)                You might also make \topmargin smaller to compensate:

(fancyhdr)                \addtolength{\topmargin}{-2.49998pt}.

[18 <M:/UPB_Files/An1_Sem2/Electrotehnica/Tema/Dioda_indirect.png>]
Overfull \hbox (45.06624pt too wide) in paragraph at lines 2502--2503
 [] 
 []


Package fancyhdr Warning: \headheight is too small (12.0pt): 
(fancyhdr)                Make it at least 14.49998pt, for example:
(fancyhdr)                \setlength{\headheight}{14.49998pt}.
(fancyhdr)                You might also make \topmargin smaller to compensate:

(fancyhdr)                \addtolength{\topmargin}{-2.49998pt}.

[19]
<Compar_data.png, id=157, 514.92375pt x 441.14813pt>
File: Compar_data.png Graphic file (type png)
<use Compar_data.png>
Package pdftex.def Info: Compar_data.png  used on input line 2513.
(pdftex.def)             Requested size: 390.0104pt x 334.13173pt.


Package fancyhdr Warning: \headheight is too small (12.0pt): 
(fancyhdr)                Make it at least 14.49998pt, for example:
(fancyhdr)                \setlength{\headheight}{14.49998pt}.
(fancyhdr)                You might also make \topmargin smaller to compensate:

(fancyhdr)                \addtolength{\topmargin}{-2.49998pt}.

[20 <M:/UPB_Files/An1_Sem2/Electrotehnica/Tema/Compar_data.png>]
Overfull \hbox (59.72873pt too wide) in paragraph at lines 2779--2780
 [] 
 []


Package fancyhdr Warning: \headheight is too small (12.0pt): 
(fancyhdr)                Make it at least 14.49998pt, for example:
(fancyhdr)                \setlength{\headheight}{14.49998pt}.
(fancyhdr)                You might also make \topmargin smaller to compensate:

(fancyhdr)                \addtolength{\topmargin}{-2.49998pt}.

[21]

Package fancyhdr Warning: \headheight is too small (12.0pt): 
(fancyhdr)                Make it at least 14.49998pt, for example:
(fancyhdr)                \setlength{\headheight}{14.49998pt}.
(fancyhdr)                You might also make \topmargin smaller to compensate:

(fancyhdr)                \addtolength{\topmargin}{-2.49998pt}.

[22] (Tema_ELTH_Negru_Mihai.aux)

LaTeX Warning: Label(s) may have changed. Rerun to get cross-references right.


Package rerunfilecheck Warning: File `Tema_ELTH_Negru_Mihai.out' has changed.
(rerunfilecheck)                Rerun to get outlines right
(rerunfilecheck)                or use package `bookmark'.

Package rerunfilecheck Info: Checksums for `Tema_ELTH_Negru_Mihai.out':
(rerunfilecheck)             Before: <no file>
(rerunfilecheck)             After:  1FFFBDDA1B1E6E6087DDA274535270B3;2495.
 ) 
Here is how much of TeX's memory you used:
 28131 strings out of 478582
 577101 string characters out of 2853704
 899765 words of memory out of 3000000
 45792 multiletter control sequences out of 15000+600000
 482144 words of font info for 73 fonts, out of 8000000 for 9000
 1141 hyphenation exceptions out of 8191
 100i,18n,104p,1142b,1098s stack positions out of 10000i,1000n,20000p,200000b,80000s
 <C:\Users\Mihai Negru\AppData\Local\MiKTeX\fonts/pk/ljfour/jknappen/ec/dpi60
0\tcrm1200.pk><M:/.SetUps/.Miktex_SetUp/fonts/type1/public/amsfonts/cm/cmbx12.p
fb><M:/.SetUps/.Miktex_SetUp/fonts/type1/public/amsfonts/cm/cmbx7.pfb><M:/.SetU
ps/.Miktex_SetUp/fonts/type1/public/amsfonts/cm/cmex10.pfb><M:/.SetUps/.Miktex_
SetUp/fonts/type1/public/amsfonts/cm/cmmi12.pfb><M:/.SetUps/.Miktex_SetUp/fonts
/type1/public/amsfonts/cm/cmmi8.pfb><M:/.SetUps/.Miktex_SetUp/fonts/type1/publi
c/amsfonts/cm/cmr12.pfb><M:/.SetUps/.Miktex_SetUp/fonts/type1/public/amsfonts/c
m/cmr17.pfb><M:/.SetUps/.Miktex_SetUp/fonts/type1/public/amsfonts/cm/cmr6.pfb><
M:/.SetUps/.Miktex_SetUp/fonts/type1/public/amsfonts/cm/cmr7.pfb><M:/.SetUps/.M
iktex_SetUp/fonts/type1/public/amsfonts/cm/cmr8.pfb><M:/.SetUps/.Miktex_SetUp/f
onts/type1/public/amsfonts/cm/cmsy10.pfb><M:/.SetUps/.Miktex_SetUp/fonts/type1/
public/amsfonts/cm/cmti12.pfb><M:/.SetUps/.Miktex_SetUp/fonts/type1/public/amsf
onts/cm/cmti7.pfb>
Output written on Tema_ELTH_Negru_Mihai.pdf (22 pages, 388109 bytes).
PDF statistics:
 253 PDF objects out of 1000 (max. 8388607)
 49 named destinations out of 1000 (max. 500000)
 144 words of extra memory for PDF output out of 10000 (max. 10000000)

